{
  "stats": {
    "suites": 0,
    "tests": 1,
    "passes": 1,
    "pending": 0,
    "failures": 0,
    "start": "2021-12-24T12:04:46.667Z",
    "end": "2021-12-24T12:04:58.422Z",
    "duration": 11755,
    "testsRegistered": 1,
    "passPercent": 100,
    "pendingPercent": 0,
    "other": 0,
    "hasOther": false,
    "skipped": 0,
    "hasSkipped": false
  },
  "results": [
    {
      "uuid": "f59ce9db-2ba5-4c4d-addc-d4aae6114fd9",
      "title": "",
      "fullFile": "cypress/integration/check.js",
      "file": "cypress/integration/check.js",
      "beforeHooks": [],
      "afterHooks": [],
      "tests": [
        {
          "title": "test title",
          "fullTitle": "test title",
          "timedOut": null,
          "duration": 8084,
          "state": "passed",
          "speed": "medium",
          "pass": true,
          "fail": false,
          "pending": false,
          "context": null,
          "code": "cy.visit('https://google.com'); // cy.get('[name=\"q\"]')\n//custom timeout\ncy.get('.gLFyf', {\n  timeout: 8000\n}).type('Post Malone{enter}');\ncy.get('.MUFPAc > :nth-child(2) > a').click();",
          "err": {},
          "uuid": "5265b11d-e651-4053-9f60-9863597d411a",
          "parentUUID": "f59ce9db-2ba5-4c4d-addc-d4aae6114fd9",
          "isHook": false,
          "skipped": false
        }
      ],
      "suites": [],
      "passes": [
        "5265b11d-e651-4053-9f60-9863597d411a"
      ],
      "failures": [],
      "pending": [],
      "skipped": [],
      "duration": 8084,
      "root": true,
      "rootEmpty": false,
      "_timeout": 2000
    }
  ],
  "meta": {
    "mocha": {
      "version": "7.0.1"
    },
    "mochawesome": {
      "options": {
        "quiet": false,
        "reportFilename": "mochawesome",
        "saveHtml": false,
        "saveJson": true,
        "consoleReporter": "spec",
        "useInlineDiffs": false,
        "code": true
      },
      "version": "7.0.1"
    },
    "marge": {
      "options": {
        "id": "default",
        "reportDir": "cypress/reports/mocha",
        "quite": true,
        "overwrite": false,
        "html": false,
        "json": true
      },
      "version": "6.0.1"
    }
  }
}