{
  "stats": {
    "suites": 2,
    "tests": 3,
    "passes": 2,
    "pending": 0,
    "failures": 1,
    "start": "2021-12-24T12:04:46.667Z",
    "end": "2021-12-24T12:05:38.515Z",
    "duration": 42511,
    "testsRegistered": 3,
    "passPercent": 66.66666666666667,
    "pendingPercent": 0,
    "other": 0,
    "hasOther": false,
    "skipped": 0,
    "hasSkipped": false
  },
  "results": [
    {
      "uuid": "d67c226b-0252-4c5a-8b30-3c9714a8f4dd",
      "title": "",
      "fullFile": "cypress/integration/test.js",
      "file": "cypress/integration/test.js",
      "beforeHooks": [],
      "afterHooks": [],
      "tests": [],
      "suites": [
        {
          "uuid": "176fbbab-d63b-4084-89d1-87876ccb9237",
          "title": "pesitive-negative",
          "fullFile": "",
          "file": "",
          "beforeHooks": [],
          "afterHooks": [],
          "tests": [
            {
              "title": "switchboard-sales-positive",
              "fullTitle": "pesitive-negative switchboard-sales-positive",
              "timedOut": null,
              "duration": 19257,
              "state": "passed",
              "speed": "slow",
              "pass": true,
              "fail": false,
              "pending": false,
              "context": null,
              "code": "cy.visit(\"/\");\ncy.get('#user_email').type('ashmita.sur+retaileradmin@kreeti.com');\ncy.get('#user_password').type('kreeti123');\ncy.get('.btn').click();\ncy.location('pathname').should('contain', '/retailer/profiles');",
              "err": {},
              "uuid": "45a2e48d-b2ed-4813-a2df-91d6c9a0ff71",
              "parentUUID": "176fbbab-d63b-4084-89d1-87876ccb9237",
              "isHook": false,
              "skipped": false
            },
            {
              "title": "switchboard-sales-negative",
              "fullTitle": "pesitive-negative switchboard-sales-negative",
              "timedOut": null,
              "duration": 15170,
              "state": "failed",
              "speed": null,
              "pass": false,
              "fail": true,
              "pending": false,
              "context": null,
              "code": "cy.visit(\"/\");\ncy.get('#user_email').type(_faker.default.internet.email());\ncy.get('#user_password').type(_faker.default.internet.password());\ncy.get('.btn').click();\ncy.location('pathname').should('contain', '/retailer/profiles');",
              "err": {
                "message": "AssertionError: Timed out retrying after 4000ms: expected '/users/sign_in' to include '/retailer/profiles'",
                "estack": "AssertionError: Timed out retrying after 4000ms: expected '/users/sign_in' to include '/retailer/profiles'\n    at Context.eval (https://staging.switchboardsales.com/__cypress/tests?p=cypress\\integration\\test.js:117:29)",
                "diff": null
              },
              "uuid": "48a87b11-c4d7-44bb-8a2a-4cbbda074c5f",
              "parentUUID": "176fbbab-d63b-4084-89d1-87876ccb9237",
              "isHook": false,
              "skipped": false
            }
          ],
          "suites": [],
          "passes": [
            "45a2e48d-b2ed-4813-a2df-91d6c9a0ff71"
          ],
          "failures": [
            "48a87b11-c4d7-44bb-8a2a-4cbbda074c5f"
          ],
          "pending": [],
          "skipped": [],
          "duration": 34427,
          "root": false,
          "rootEmpty": false,
          "_timeout": 2000
        }
      ],
      "passes": [],
      "failures": [],
      "pending": [],
      "skipped": [],
      "duration": 0,
      "root": true,
      "rootEmpty": true,
      "_timeout": 2000
    },
    {
      "uuid": "f59ce9db-2ba5-4c4d-addc-d4aae6114fd9",
      "title": "",
      "fullFile": "cypress/integration/check.js",
      "file": "cypress/integration/check.js",
      "beforeHooks": [],
      "afterHooks": [],
      "tests": [
        {
          "title": "test title",
          "fullTitle": "test title",
          "timedOut": null,
          "duration": 8084,
          "state": "passed",
          "speed": "medium",
          "pass": true,
          "fail": false,
          "pending": false,
          "context": null,
          "code": "cy.visit('https://google.com'); // cy.get('[name=\"q\"]')\n//custom timeout\ncy.get('.gLFyf', {\n  timeout: 8000\n}).type('Post Malone{enter}');\ncy.get('.MUFPAc > :nth-child(2) > a').click();",
          "err": {},
          "uuid": "5265b11d-e651-4053-9f60-9863597d411a",
          "parentUUID": "f59ce9db-2ba5-4c4d-addc-d4aae6114fd9",
          "isHook": false,
          "skipped": false
        }
      ],
      "suites": [],
      "passes": [
        "5265b11d-e651-4053-9f60-9863597d411a"
      ],
      "failures": [],
      "pending": [],
      "skipped": [],
      "duration": 8084,
      "root": true,
      "rootEmpty": false,
      "_timeout": 2000
    }
  ],
  "meta": {
    "mocha": {
      "version": "7.0.1"
    },
    "mochawesome": {
      "options": {
        "quiet": false,
        "reportFilename": "mochawesome",
        "saveHtml": false,
        "saveJson": true,
        "consoleReporter": "spec",
        "useInlineDiffs": false,
        "code": true
      },
      "version": "7.0.1"
    },
    "marge": {
      "options": {
        "id": "default",
        "reportDir": "cypress/reports/mocha",
        "quite": true,
        "overwrite": false,
        "html": false,
        "json": true
      },
      "version": "6.0.1"
    }
  }
}