{
  "stats": {
    "suites": 1,
    "tests": 2,
    "passes": 1,
    "pending": 0,
    "failures": 1,
    "start": "2022-01-04T09:03:26.041Z",
    "end": "2022-01-04T09:03:52.552Z",
    "duration": 26511,
    "testsRegistered": 2,
    "passPercent": 50,
    "pendingPercent": 0,
    "other": 0,
    "hasOther": false,
    "skipped": 0,
    "hasSkipped": false
  },
  "results": [
    {
      "uuid": "6cc7756c-d4d0-4f2c-9a6a-d9bb52836617",
      "title": "",
      "fullFile": "cypress/integration/test.js",
      "file": "cypress/integration/test.js",
      "beforeHooks": [],
      "afterHooks": [],
      "tests": [],
      "suites": [
        {
          "uuid": "09d1fbcd-2455-4f4b-a466-eafa4c9b1362",
          "title": "pesitive-negative",
          "fullFile": "",
          "file": "",
          "beforeHooks": [],
          "afterHooks": [],
          "tests": [
            {
              "title": "switchboard-sales-positive",
              "fullTitle": "pesitive-negative switchboard-sales-positive",
              "timedOut": null,
              "duration": 13579,
              "state": "passed",
              "speed": "slow",
              "pass": true,
              "fail": false,
              "pending": false,
              "context": null,
              "code": "cy.visit(\"/\");\ncy.get('#user_email').type('ashmita.sur+retaileradmin@kreeti.com');\ncy.get('#user_password').type('kreeti123');\ncy.get('.btn').click();\ncy.location('pathname').should('contain', '/retailer/profiles');",
              "err": {},
              "uuid": "4483f018-ad22-4f7f-bdf4-47223799feca",
              "parentUUID": "09d1fbcd-2455-4f4b-a466-eafa4c9b1362",
              "isHook": false,
              "skipped": false
            },
            {
              "title": "switchboard-sales-negative",
              "fullTitle": "pesitive-negative switchboard-sales-negative",
              "timedOut": null,
              "duration": 12864,
              "state": "failed",
              "speed": null,
              "pass": false,
              "fail": true,
              "pending": false,
              "context": null,
              "code": "cy.visit(\"/\");\ncy.get('#user_email').type(_faker.default.internet.email());\ncy.get('#user_password').type(_faker.default.internet.password());\ncy.get('.btn').click();\ncy.location('pathname').should('contain', '/retailer/profiles');",
              "err": {
                "message": "AssertionError: Timed out retrying after 4000ms: expected '/users/sign_in' to include '/retailer/profiles'",
                "estack": "AssertionError: Timed out retrying after 4000ms: expected '/users/sign_in' to include '/retailer/profiles'\n    at Context.eval (https://staging.switchboardsales.com/__cypress/tests?p=cypress\\integration\\test.js:117:29)",
                "diff": null
              },
              "uuid": "79ba3ae1-69ff-4d17-93e2-86c5bd19a8c6",
              "parentUUID": "09d1fbcd-2455-4f4b-a466-eafa4c9b1362",
              "isHook": false,
              "skipped": false
            }
          ],
          "suites": [],
          "passes": [
            "4483f018-ad22-4f7f-bdf4-47223799feca"
          ],
          "failures": [
            "79ba3ae1-69ff-4d17-93e2-86c5bd19a8c6"
          ],
          "pending": [],
          "skipped": [],
          "duration": 26443,
          "root": false,
          "rootEmpty": false,
          "_timeout": 2000
        }
      ],
      "passes": [],
      "failures": [],
      "pending": [],
      "skipped": [],
      "duration": 0,
      "root": true,
      "rootEmpty": true,
      "_timeout": 2000
    }
  ],
  "meta": {
    "mocha": {
      "version": "7.0.1"
    },
    "mochawesome": {
      "options": {
        "quiet": false,
        "reportFilename": "mochawesome",
        "saveHtml": false,
        "saveJson": true,
        "consoleReporter": "spec",
        "useInlineDiffs": false,
        "code": true
      },
      "version": "7.0.1"
    },
    "marge": {
      "options": {
        "id": "default",
        "quite": true,
        "overwrite": false,
        "html": false,
        "json": true
      },
      "version": "6.0.1"
    }
  }
}