{
  "stats": {
    "suites": 0,
    "tests": 1,
    "passes": 1,
    "pending": 0,
    "failures": 0,
    "start": "2022-01-04T09:04:06.346Z",
    "end": "2022-01-04T09:04:12.180Z",
    "duration": 5834,
    "testsRegistered": 1,
    "passPercent": 100,
    "pendingPercent": 0,
    "other": 0,
    "hasOther": false,
    "skipped": 0,
    "hasSkipped": false
  },
  "results": [
    {
      "uuid": "8c7c5ceb-6415-4265-a59b-63f82ed1193a",
      "title": "",
      "fullFile": "cypress/integration/working.js",
      "file": "cypress/integration/working.js",
      "beforeHooks": [],
      "afterHooks": [],
      "tests": [
        {
          "title": "test title",
          "fullTitle": "test title",
          "timedOut": null,
          "duration": 3915,
          "state": "passed",
          "speed": "fast",
          "pass": true,
          "fail": false,
          "pending": false,
          "context": null,
          "code": "cy.visit('https://google.com');\ncy.get('.gLFyf', {\n  timeout: 8000\n}).type('thisissagnick{enter}');\ncy.contains('thisissagnick.netlify.com').click();",
          "err": {},
          "uuid": "776c0b8a-bdd3-477d-8f69-488d07fe68dd",
          "parentUUID": "8c7c5ceb-6415-4265-a59b-63f82ed1193a",
          "isHook": false,
          "skipped": false
        }
      ],
      "suites": [],
      "passes": [
        "776c0b8a-bdd3-477d-8f69-488d07fe68dd"
      ],
      "failures": [],
      "pending": [],
      "skipped": [],
      "duration": 3915,
      "root": true,
      "rootEmpty": false,
      "_timeout": 2000
    }
  ],
  "meta": {
    "mocha": {
      "version": "7.0.1"
    },
    "mochawesome": {
      "options": {
        "quiet": false,
        "reportFilename": "mochawesome",
        "saveHtml": false,
        "saveJson": true,
        "consoleReporter": "spec",
        "useInlineDiffs": false,
        "code": true
      },
      "version": "7.0.1"
    },
    "marge": {
      "options": {
        "id": "default",
        "quite": true,
        "overwrite": false,
        "html": false,
        "json": true
      },
      "version": "6.0.1"
    }
  }
}