{
  "stats": {
    "suites": 0,
    "tests": 1,
    "passes": 1,
    "pending": 0,
    "failures": 0,
    "start": "2022-01-04T09:03:54.533Z",
    "end": "2022-01-04T09:04:04.512Z",
    "duration": 9979,
    "testsRegistered": 1,
    "passPercent": 100,
    "pendingPercent": 0,
    "other": 0,
    "hasOther": false,
    "skipped": 0,
    "hasSkipped": false
  },
  "results": [
    {
      "uuid": "d5f0ae4d-3cdf-4f42-bbcf-4f340bc7a5d5",
      "title": "",
      "fullFile": "cypress/integration/check.js",
      "file": "cypress/integration/check.js",
      "beforeHooks": [],
      "afterHooks": [],
      "tests": [
        {
          "title": "test title",
          "fullTitle": "test title",
          "timedOut": null,
          "duration": 7490,
          "state": "passed",
          "speed": "medium",
          "pass": true,
          "fail": false,
          "pending": false,
          "context": null,
          "code": "cy.visit('https://google.com'); // cy.get('[name=\"q\"]')\n//custom timeout\ncy.get('.gLFyf', {\n  timeout: 8000\n}).type('Post Malone{enter}');\ncy.get('.MUFPAc > :nth-child(2) > a').click();",
          "err": {},
          "uuid": "a92c7c2f-d7cc-4cf1-a819-c63ea52fe97b",
          "parentUUID": "d5f0ae4d-3cdf-4f42-bbcf-4f340bc7a5d5",
          "isHook": false,
          "skipped": false
        }
      ],
      "suites": [],
      "passes": [
        "a92c7c2f-d7cc-4cf1-a819-c63ea52fe97b"
      ],
      "failures": [],
      "pending": [],
      "skipped": [],
      "duration": 7490,
      "root": true,
      "rootEmpty": false,
      "_timeout": 2000
    }
  ],
  "meta": {
    "mocha": {
      "version": "7.0.1"
    },
    "mochawesome": {
      "options": {
        "quiet": false,
        "reportFilename": "mochawesome",
        "saveHtml": false,
        "saveJson": true,
        "consoleReporter": "spec",
        "useInlineDiffs": false,
        "code": true
      },
      "version": "7.0.1"
    },
    "marge": {
      "options": {
        "id": "default",
        "quite": true,
        "overwrite": false,
        "html": false,
        "json": true
      },
      "version": "6.0.1"
    }
  }
}